{"timestamp":"2025-10-29T19:25:25.312792Z","level":"info","event":"Filling up the DagBag from /opt/airflow/dags/example.py","logger":"airflow.models.dagbag.DagBag","filename":"dagbag.py","lineno":593}
{"timestamp":"2025-10-29T19:25:57.560692Z","level":"info","event":"Filling up the DagBag from /opt/airflow/dags/example.py","logger":"airflow.models.dagbag.DagBag","filename":"dagbag.py","lineno":593}
{"timestamp":"2025-10-29T19:26:28.029242Z","level":"info","event":"Filling up the DagBag from /opt/airflow/dags/example.py","logger":"airflow.models.dagbag.DagBag","filename":"dagbag.py","lineno":593}
{"timestamp":"2025-10-29T19:26:58.542496Z","level":"info","event":"Filling up the DagBag from /opt/airflow/dags/example.py","logger":"airflow.models.dagbag.DagBag","filename":"dagbag.py","lineno":593}
{"timestamp":"2025-10-29T19:27:28.999614Z","level":"info","event":"Filling up the DagBag from /opt/airflow/dags/example.py","logger":"airflow.models.dagbag.DagBag","filename":"dagbag.py","lineno":593}
{"timestamp":"2025-10-29T19:27:58.490104Z","level":"info","event":"Filling up the DagBag from /opt/airflow/dags/example.py","logger":"airflow.models.dagbag.DagBag","filename":"dagbag.py","lineno":593}
{"timestamp":"2025-10-29T19:28:29.163424Z","level":"info","event":"Filling up the DagBag from /opt/airflow/dags/example.py","logger":"airflow.models.dagbag.DagBag","filename":"dagbag.py","lineno":593}
{"timestamp":"2025-10-29T19:28:59.640908Z","level":"info","event":"Filling up the DagBag from /opt/airflow/dags/example.py","logger":"airflow.models.dagbag.DagBag","filename":"dagbag.py","lineno":593}
{"timestamp":"2025-10-29T19:29:30.133917Z","level":"info","event":"Filling up the DagBag from /opt/airflow/dags/example.py","logger":"airflow.models.dagbag.DagBag","filename":"dagbag.py","lineno":593}
{"timestamp":"2025-10-29T19:30:00.653195Z","level":"info","event":"Filling up the DagBag from /opt/airflow/dags/example.py","logger":"airflow.models.dagbag.DagBag","filename":"dagbag.py","lineno":593}
{"timestamp":"2025-10-29T19:30:31.128383Z","level":"info","event":"Filling up the DagBag from /opt/airflow/dags/example.py","logger":"airflow.models.dagbag.DagBag","filename":"dagbag.py","lineno":593}
{"timestamp":"2025-10-29T19:31:01.599527Z","level":"info","event":"Filling up the DagBag from /opt/airflow/dags/example.py","logger":"airflow.models.dagbag.DagBag","filename":"dagbag.py","lineno":593}
{"timestamp":"2025-10-29T19:31:32.098899Z","level":"info","event":"Filling up the DagBag from /opt/airflow/dags/example.py","logger":"airflow.models.dagbag.DagBag","filename":"dagbag.py","lineno":593}
{"timestamp":"2025-10-29T19:32:02.648872Z","level":"info","event":"Filling up the DagBag from /opt/airflow/dags/example.py","logger":"airflow.models.dagbag.DagBag","filename":"dagbag.py","lineno":593}
{"timestamp":"2025-10-29T19:32:09.926496Z","level":"info","event":"Filling up the DagBag from /opt/airflow/dags/example.py","logger":"airflow.models.dagbag.DagBag","filename":"dagbag.py","lineno":593}
{"timestamp":"2025-10-29T19:32:14.186274Z","level":"info","event":"Filling up the DagBag from /opt/airflow/dags/example.py","logger":"airflow.models.dagbag.DagBag","filename":"dagbag.py","lineno":593}
{"timestamp":"2025-10-29T19:32:44.734857Z","level":"info","event":"Filling up the DagBag from /opt/airflow/dags/example.py","logger":"airflow.models.dagbag.DagBag","filename":"dagbag.py","lineno":593}
{"timestamp":"2025-10-29T19:32:51.991833Z","level":"info","event":"Filling up the DagBag from /opt/airflow/dags/example.py","logger":"airflow.models.dagbag.DagBag","filename":"dagbag.py","lineno":593}
{"timestamp":"2025-10-29T19:33:16.452269Z","level":"info","event":"Filling up the DagBag from /opt/airflow/dags/example.py","logger":"airflow.models.dagbag.DagBag","filename":"dagbag.py","lineno":593}
{"timestamp":"2025-10-29T19:33:16.462242Z","level":"error","event":"Failed to import: /opt/airflow/dags/example.py","logger":"airflow.models.dagbag.DagBag","filename":"dagbag.py","lineno":415,"error_detail":[{"exc_type":"IndentationError","exc_value":"unexpected indent (example.py, line 215)","exc_notes":[],"syntax_error":{"offset":10,"filename":"/opt/airflow/dags/example.py","line":"        \t\tpersons_file = fetch_persons()\n","lineno":215,"msg":"unexpected indent"},"is_cause":false,"frames":[{"filename":"/home/airflow/.local/lib/python3.12/site-packages/airflow/models/dagbag.py","lineno":405,"name":"parse"},{"filename":"<frozen importlib._bootstrap_external>","lineno":995,"name":"exec_module"},{"filename":"<frozen importlib._bootstrap_external>","lineno":1133,"name":"get_code"},{"filename":"<frozen importlib._bootstrap_external>","lineno":1063,"name":"source_to_code"},{"filename":"<frozen importlib._bootstrap>","lineno":488,"name":"_call_with_frames_removed"}],"is_group":false,"exceptions":[]}]}
{"timestamp":"2025-10-29T19:33:18.550695Z","level":"info","event":"Filling up the DagBag from /opt/airflow/dags/example.py","logger":"airflow.models.dagbag.DagBag","filename":"dagbag.py","lineno":593}
{"timestamp":"2025-10-29T19:33:32.985783Z","level":"info","event":"Filling up the DagBag from /opt/airflow/dags/example.py","logger":"airflow.models.dagbag.DagBag","filename":"dagbag.py","lineno":593}
{"timestamp":"2025-10-29T19:34:03.506859Z","level":"info","event":"Filling up the DagBag from /opt/airflow/dags/example.py","logger":"airflow.models.dagbag.DagBag","filename":"dagbag.py","lineno":593}
{"timestamp":"2025-10-29T19:34:34.015060Z","level":"info","event":"Filling up the DagBag from /opt/airflow/dags/example.py","logger":"airflow.models.dagbag.DagBag","filename":"dagbag.py","lineno":593}
{"timestamp":"2025-10-29T19:35:04.522380Z","level":"info","event":"Filling up the DagBag from /opt/airflow/dags/example.py","logger":"airflow.models.dagbag.DagBag","filename":"dagbag.py","lineno":593}
{"timestamp":"2025-10-29T19:35:35.126789Z","level":"info","event":"Filling up the DagBag from /opt/airflow/dags/example.py","logger":"airflow.models.dagbag.DagBag","filename":"dagbag.py","lineno":593}
{"timestamp":"2025-10-29T19:36:05.588814Z","level":"info","event":"Filling up the DagBag from /opt/airflow/dags/example.py","logger":"airflow.models.dagbag.DagBag","filename":"dagbag.py","lineno":593}
{"timestamp":"2025-10-29T19:36:36.077137Z","level":"info","event":"Filling up the DagBag from /opt/airflow/dags/example.py","logger":"airflow.models.dagbag.DagBag","filename":"dagbag.py","lineno":593}
{"timestamp":"2025-10-29T19:37:06.589266Z","level":"info","event":"Filling up the DagBag from /opt/airflow/dags/example.py","logger":"airflow.models.dagbag.DagBag","filename":"dagbag.py","lineno":593}
{"timestamp":"2025-10-29T19:37:37.081895Z","level":"info","event":"Filling up the DagBag from /opt/airflow/dags/example.py","logger":"airflow.models.dagbag.DagBag","filename":"dagbag.py","lineno":593}
{"timestamp":"2025-10-29T19:38:07.603341Z","level":"info","event":"Filling up the DagBag from /opt/airflow/dags/example.py","logger":"airflow.models.dagbag.DagBag","filename":"dagbag.py","lineno":593}
{"timestamp":"2025-10-29T19:38:38.266492Z","level":"info","event":"Filling up the DagBag from /opt/airflow/dags/example.py","logger":"airflow.models.dagbag.DagBag","filename":"dagbag.py","lineno":593}
{"timestamp":"2025-10-29T19:39:08.761414Z","level":"info","event":"Filling up the DagBag from /opt/airflow/dags/example.py","logger":"airflow.models.dagbag.DagBag","filename":"dagbag.py","lineno":593}
{"timestamp":"2025-10-29T19:39:39.268124Z","level":"info","event":"Filling up the DagBag from /opt/airflow/dags/example.py","logger":"airflow.models.dagbag.DagBag","filename":"dagbag.py","lineno":593}
{"timestamp":"2025-10-29T19:40:09.807819Z","level":"info","event":"Filling up the DagBag from /opt/airflow/dags/example.py","logger":"airflow.models.dagbag.DagBag","filename":"dagbag.py","lineno":593}
{"timestamp":"2025-10-29T19:40:40.358371Z","level":"info","event":"Filling up the DagBag from /opt/airflow/dags/example.py","logger":"airflow.models.dagbag.DagBag","filename":"dagbag.py","lineno":593}
{"timestamp":"2025-10-29T19:41:10.829520Z","level":"info","event":"Filling up the DagBag from /opt/airflow/dags/example.py","logger":"airflow.models.dagbag.DagBag","filename":"dagbag.py","lineno":593}
{"timestamp":"2025-10-29T19:41:41.303388Z","level":"info","event":"Filling up the DagBag from /opt/airflow/dags/example.py","logger":"airflow.models.dagbag.DagBag","filename":"dagbag.py","lineno":593}
{"timestamp":"2025-10-29T19:42:11.824107Z","level":"info","event":"Filling up the DagBag from /opt/airflow/dags/example.py","logger":"airflow.models.dagbag.DagBag","filename":"dagbag.py","lineno":593}
{"timestamp":"2025-10-29T19:42:42.486657Z","level":"info","event":"Filling up the DagBag from /opt/airflow/dags/example.py","logger":"airflow.models.dagbag.DagBag","filename":"dagbag.py","lineno":593}
{"timestamp":"2025-10-29T19:43:13.025352Z","level":"info","event":"Filling up the DagBag from /opt/airflow/dags/example.py","logger":"airflow.models.dagbag.DagBag","filename":"dagbag.py","lineno":593}
{"timestamp":"2025-10-29T19:43:43.528366Z","level":"info","event":"Filling up the DagBag from /opt/airflow/dags/example.py","logger":"airflow.models.dagbag.DagBag","filename":"dagbag.py","lineno":593}
{"timestamp":"2025-10-29T19:44:14.057643Z","level":"info","event":"Filling up the DagBag from /opt/airflow/dags/example.py","logger":"airflow.models.dagbag.DagBag","filename":"dagbag.py","lineno":593}
{"timestamp":"2025-10-29T19:44:44.579034Z","level":"info","event":"Filling up the DagBag from /opt/airflow/dags/example.py","logger":"airflow.models.dagbag.DagBag","filename":"dagbag.py","lineno":593}
{"timestamp":"2025-10-29T19:45:15.064450Z","level":"info","event":"Filling up the DagBag from /opt/airflow/dags/example.py","logger":"airflow.models.dagbag.DagBag","filename":"dagbag.py","lineno":593}
{"timestamp":"2025-10-29T19:45:45.542681Z","level":"info","event":"Filling up the DagBag from /opt/airflow/dags/example.py","logger":"airflow.models.dagbag.DagBag","filename":"dagbag.py","lineno":593}
{"timestamp":"2025-10-29T19:46:16.007153Z","level":"info","event":"Filling up the DagBag from /opt/airflow/dags/example.py","logger":"airflow.models.dagbag.DagBag","filename":"dagbag.py","lineno":593}
{"timestamp":"2025-10-29T19:46:46.491004Z","level":"info","event":"Filling up the DagBag from /opt/airflow/dags/example.py","logger":"airflow.models.dagbag.DagBag","filename":"dagbag.py","lineno":593}
{"timestamp":"2025-10-29T19:47:16.968238Z","level":"info","event":"Filling up the DagBag from /opt/airflow/dags/example.py","logger":"airflow.models.dagbag.DagBag","filename":"dagbag.py","lineno":593}
{"timestamp":"2025-10-29T19:47:47.453073Z","level":"info","event":"Filling up the DagBag from /opt/airflow/dags/example.py","logger":"airflow.models.dagbag.DagBag","filename":"dagbag.py","lineno":593}
{"timestamp":"2025-10-29T19:48:18.023454Z","level":"info","event":"Filling up the DagBag from /opt/airflow/dags/example.py","logger":"airflow.models.dagbag.DagBag","filename":"dagbag.py","lineno":593}
{"timestamp":"2025-10-29T19:48:48.570284Z","level":"info","event":"Filling up the DagBag from /opt/airflow/dags/example.py","logger":"airflow.models.dagbag.DagBag","filename":"dagbag.py","lineno":593}
{"timestamp":"2025-10-29T19:49:19.103137Z","level":"info","event":"Filling up the DagBag from /opt/airflow/dags/example.py","logger":"airflow.models.dagbag.DagBag","filename":"dagbag.py","lineno":593}
{"timestamp":"2025-10-29T19:49:49.582432Z","level":"info","event":"Filling up the DagBag from /opt/airflow/dags/example.py","logger":"airflow.models.dagbag.DagBag","filename":"dagbag.py","lineno":593}
{"timestamp":"2025-10-29T19:50:20.094937Z","level":"info","event":"Filling up the DagBag from /opt/airflow/dags/example.py","logger":"airflow.models.dagbag.DagBag","filename":"dagbag.py","lineno":593}
{"timestamp":"2025-10-29T19:50:50.563816Z","level":"info","event":"Filling up the DagBag from /opt/airflow/dags/example.py","logger":"airflow.models.dagbag.DagBag","filename":"dagbag.py","lineno":593}
{"timestamp":"2025-10-29T19:51:21.059664Z","level":"info","event":"Filling up the DagBag from /opt/airflow/dags/example.py","logger":"airflow.models.dagbag.DagBag","filename":"dagbag.py","lineno":593}
{"timestamp":"2025-10-29T19:51:51.563443Z","level":"info","event":"Filling up the DagBag from /opt/airflow/dags/example.py","logger":"airflow.models.dagbag.DagBag","filename":"dagbag.py","lineno":593}
{"timestamp":"2025-10-29T19:52:22.030950Z","level":"info","event":"Filling up the DagBag from /opt/airflow/dags/example.py","logger":"airflow.models.dagbag.DagBag","filename":"dagbag.py","lineno":593}
{"timestamp":"2025-10-29T19:52:52.506053Z","level":"info","event":"Filling up the DagBag from /opt/airflow/dags/example.py","logger":"airflow.models.dagbag.DagBag","filename":"dagbag.py","lineno":593}
{"timestamp":"2025-10-29T19:53:05.815498Z","level":"info","event":"Filling up the DagBag from /opt/airflow/dags/example.py","logger":"airflow.models.dagbag.DagBag","filename":"dagbag.py","lineno":593}
{"timestamp":"2025-10-29T19:53:05.821373Z","level":"error","event":"Failed to import: /opt/airflow/dags/example.py","logger":"airflow.models.dagbag.DagBag","filename":"dagbag.py","lineno":415,"error_detail":[{"exc_type":"TabError","exc_value":"inconsistent use of tabs and spaces in indentation (example.py, line 85)","exc_notes":[],"syntax_error":{"offset":1,"filename":"/opt/airflow/dags/example.py","line":"\t \tpersons_file = fetch_persons()\n","lineno":85,"msg":"inconsistent use of tabs and spaces in indentation"},"is_cause":false,"frames":[{"filename":"/home/airflow/.local/lib/python3.12/site-packages/airflow/models/dagbag.py","lineno":405,"name":"parse"},{"filename":"<frozen importlib._bootstrap_external>","lineno":995,"name":"exec_module"},{"filename":"<frozen importlib._bootstrap_external>","lineno":1133,"name":"get_code"},{"filename":"<frozen importlib._bootstrap_external>","lineno":1063,"name":"source_to_code"},{"filename":"<frozen importlib._bootstrap>","lineno":488,"name":"_call_with_frames_removed"}],"is_group":false,"exceptions":[]}]}
{"timestamp":"2025-10-29T19:53:09.916163Z","level":"info","event":"Filling up the DagBag from /opt/airflow/dags/example.py","logger":"airflow.models.dagbag.DagBag","filename":"dagbag.py","lineno":593}
{"timestamp":"2025-10-29T19:53:09.924083Z","level":"error","event":"Failed to import: /opt/airflow/dags/example.py","logger":"airflow.models.dagbag.DagBag","filename":"dagbag.py","lineno":415,"error_detail":[{"exc_type":"TabError","exc_value":"inconsistent use of tabs and spaces in indentation (example.py, line 85)","exc_notes":[],"syntax_error":{"offset":1,"filename":"/opt/airflow/dags/example.py","line":"\tpersons_file = fetch_persons()\n","lineno":85,"msg":"inconsistent use of tabs and spaces in indentation"},"is_cause":false,"frames":[{"filename":"/home/airflow/.local/lib/python3.12/site-packages/airflow/models/dagbag.py","lineno":405,"name":"parse"},{"filename":"<frozen importlib._bootstrap_external>","lineno":995,"name":"exec_module"},{"filename":"<frozen importlib._bootstrap_external>","lineno":1133,"name":"get_code"},{"filename":"<frozen importlib._bootstrap_external>","lineno":1063,"name":"source_to_code"},{"filename":"<frozen importlib._bootstrap>","lineno":488,"name":"_call_with_frames_removed"}],"is_group":false,"exceptions":[]}]}
{"timestamp":"2025-10-29T19:53:28.158190Z","level":"info","event":"Filling up the DagBag from /opt/airflow/dags/example.py","logger":"airflow.models.dagbag.DagBag","filename":"dagbag.py","lineno":593}
{"timestamp":"2025-10-29T19:53:29.385999Z","level":"info","event":"Filling up the DagBag from /opt/airflow/dags/example.py","logger":"airflow.models.dagbag.DagBag","filename":"dagbag.py","lineno":593}
{"timestamp":"2025-10-29T19:53:59.939261Z","level":"info","event":"Filling up the DagBag from /opt/airflow/dags/example.py","logger":"airflow.models.dagbag.DagBag","filename":"dagbag.py","lineno":593}
{"timestamp":"2025-10-29T19:54:30.553580Z","level":"info","event":"Filling up the DagBag from /opt/airflow/dags/example.py","logger":"airflow.models.dagbag.DagBag","filename":"dagbag.py","lineno":593}
{"timestamp":"2025-10-29T19:54:37.826738Z","level":"info","event":"Filling up the DagBag from /opt/airflow/dags/example.py","logger":"airflow.models.dagbag.DagBag","filename":"dagbag.py","lineno":593}
{"timestamp":"2025-10-29T19:54:43.063982Z","level":"info","event":"Filling up the DagBag from /opt/airflow/dags/example.py","logger":"airflow.models.dagbag.DagBag","filename":"dagbag.py","lineno":593}
{"timestamp":"2025-10-29T19:55:13.728885Z","level":"info","event":"Filling up the DagBag from /opt/airflow/dags/example.py","logger":"airflow.models.dagbag.DagBag","filename":"dagbag.py","lineno":593}
{"timestamp":"2025-10-29T19:55:16.106956Z","level":"info","event":"Filling up the DagBag from /opt/airflow/dags/example.py","logger":"airflow.models.dagbag.DagBag","filename":"dagbag.py","lineno":593}
{"timestamp":"2025-10-29T19:55:16.113814Z","level":"error","event":"Failed to import: /opt/airflow/dags/example.py","logger":"airflow.models.dagbag.DagBag","filename":"dagbag.py","lineno":415,"error_detail":[{"exc_type":"TabError","exc_value":"inconsistent use of tabs and spaces in indentation (example.py, line 115)","exc_notes":[],"syntax_error":{"offset":1,"filename":"/opt/airflow/dags/example.py","line":"   \t\t@task()\n","lineno":115,"msg":"inconsistent use of tabs and spaces in indentation"},"is_cause":false,"frames":[{"filename":"/home/airflow/.local/lib/python3.12/site-packages/airflow/models/dagbag.py","lineno":405,"name":"parse"},{"filename":"<frozen importlib._bootstrap_external>","lineno":995,"name":"exec_module"},{"filename":"<frozen importlib._bootstrap_external>","lineno":1133,"name":"get_code"},{"filename":"<frozen importlib._bootstrap_external>","lineno":1063,"name":"source_to_code"},{"filename":"<frozen importlib._bootstrap>","lineno":488,"name":"_call_with_frames_removed"}],"is_group":false,"exceptions":[]}]}
{"timestamp":"2025-10-29T19:55:18.186459Z","level":"info","event":"Filling up the DagBag from /opt/airflow/dags/example.py","logger":"airflow.models.dagbag.DagBag","filename":"dagbag.py","lineno":593}
{"timestamp":"2025-10-29T19:55:18.194249Z","level":"error","event":"Failed to import: /opt/airflow/dags/example.py","logger":"airflow.models.dagbag.DagBag","filename":"dagbag.py","lineno":415,"error_detail":[{"exc_type":"TabError","exc_value":"inconsistent use of tabs and spaces in indentation (example.py, line 115)","exc_notes":[],"syntax_error":{"offset":1,"filename":"/opt/airflow/dags/example.py","line":"   \t\t@task()\n","lineno":115,"msg":"inconsistent use of tabs and spaces in indentation"},"is_cause":false,"frames":[{"filename":"/home/airflow/.local/lib/python3.12/site-packages/airflow/models/dagbag.py","lineno":405,"name":"parse"},{"filename":"<frozen importlib._bootstrap_external>","lineno":995,"name":"exec_module"},{"filename":"<frozen importlib._bootstrap_external>","lineno":1133,"name":"get_code"},{"filename":"<frozen importlib._bootstrap_external>","lineno":1063,"name":"source_to_code"},{"filename":"<frozen importlib._bootstrap>","lineno":488,"name":"_call_with_frames_removed"}],"is_group":false,"exceptions":[]}]}
{"timestamp":"2025-10-29T19:55:48.546178Z","level":"info","event":"Filling up the DagBag from /opt/airflow/dags/example.py","logger":"airflow.models.dagbag.DagBag","filename":"dagbag.py","lineno":593}
{"timestamp":"2025-10-29T19:55:48.555853Z","level":"error","event":"Failed to import: /opt/airflow/dags/example.py","logger":"airflow.models.dagbag.DagBag","filename":"dagbag.py","lineno":415,"error_detail":[{"exc_type":"TabError","exc_value":"inconsistent use of tabs and spaces in indentation (example.py, line 115)","exc_notes":[],"syntax_error":{"offset":1,"filename":"/opt/airflow/dags/example.py","line":"   \t\t@task()\n","lineno":115,"msg":"inconsistent use of tabs and spaces in indentation"},"is_cause":false,"frames":[{"filename":"/home/airflow/.local/lib/python3.12/site-packages/airflow/models/dagbag.py","lineno":405,"name":"parse"},{"filename":"<frozen importlib._bootstrap_external>","lineno":995,"name":"exec_module"},{"filename":"<frozen importlib._bootstrap_external>","lineno":1133,"name":"get_code"},{"filename":"<frozen importlib._bootstrap_external>","lineno":1063,"name":"source_to_code"},{"filename":"<frozen importlib._bootstrap>","lineno":488,"name":"_call_with_frames_removed"}],"is_group":false,"exceptions":[]}]}
{"timestamp":"2025-10-29T19:55:49.616631Z","level":"info","event":"Filling up the DagBag from /opt/airflow/dags/example.py","logger":"airflow.models.dagbag.DagBag","filename":"dagbag.py","lineno":593}
{"timestamp":"2025-10-29T19:55:49.626236Z","level":"error","event":"Failed to import: /opt/airflow/dags/example.py","logger":"airflow.models.dagbag.DagBag","filename":"dagbag.py","lineno":415,"error_detail":[{"exc_type":"TabError","exc_value":"inconsistent use of tabs and spaces in indentation (example.py, line 115)","exc_notes":[],"syntax_error":{"offset":1,"filename":"/opt/airflow/dags/example.py","line":"   \t@task()\n","lineno":115,"msg":"inconsistent use of tabs and spaces in indentation"},"is_cause":false,"frames":[{"filename":"/home/airflow/.local/lib/python3.12/site-packages/airflow/models/dagbag.py","lineno":405,"name":"parse"},{"filename":"<frozen importlib._bootstrap_external>","lineno":995,"name":"exec_module"},{"filename":"<frozen importlib._bootstrap_external>","lineno":1133,"name":"get_code"},{"filename":"<frozen importlib._bootstrap_external>","lineno":1063,"name":"source_to_code"},{"filename":"<frozen importlib._bootstrap>","lineno":488,"name":"_call_with_frames_removed"}],"is_group":false,"exceptions":[]}]}
{"timestamp":"2025-10-29T19:55:55.724579Z","level":"info","event":"Filling up the DagBag from /opt/airflow/dags/example.py","logger":"airflow.models.dagbag.DagBag","filename":"dagbag.py","lineno":593}
{"timestamp":"2025-10-29T19:55:56.935528Z","level":"info","event":"Filling up the DagBag from /opt/airflow/dags/example.py","logger":"airflow.models.dagbag.DagBag","filename":"dagbag.py","lineno":593}
{"timestamp":"2025-10-29T19:56:27.433692Z","level":"info","event":"Filling up the DagBag from /opt/airflow/dags/example.py","logger":"airflow.models.dagbag.DagBag","filename":"dagbag.py","lineno":593}
{"timestamp":"2025-10-29T19:56:57.969602Z","level":"info","event":"Filling up the DagBag from /opt/airflow/dags/example.py","logger":"airflow.models.dagbag.DagBag","filename":"dagbag.py","lineno":593}
{"timestamp":"2025-10-29T19:57:28.474741Z","level":"info","event":"Filling up the DagBag from /opt/airflow/dags/example.py","logger":"airflow.models.dagbag.DagBag","filename":"dagbag.py","lineno":593}
{"timestamp":"2025-10-29T19:57:46.812459Z","level":"info","event":"Filling up the DagBag from /opt/airflow/dags/example.py","logger":"airflow.models.dagbag.DagBag","filename":"dagbag.py","lineno":593}
{"timestamp":"2025-10-29T19:58:17.392116Z","level":"info","event":"Filling up the DagBag from /opt/airflow/dags/example.py","logger":"airflow.models.dagbag.DagBag","filename":"dagbag.py","lineno":593}
{"timestamp":"2025-10-29T19:58:47.932640Z","level":"info","event":"Filling up the DagBag from /opt/airflow/dags/example.py","logger":"airflow.models.dagbag.DagBag","filename":"dagbag.py","lineno":593}
{"timestamp":"2025-10-29T19:59:18.400400Z","level":"info","event":"Filling up the DagBag from /opt/airflow/dags/example.py","logger":"airflow.models.dagbag.DagBag","filename":"dagbag.py","lineno":593}
{"timestamp":"2025-10-29T19:59:48.932306Z","level":"info","event":"Filling up the DagBag from /opt/airflow/dags/example.py","logger":"airflow.models.dagbag.DagBag","filename":"dagbag.py","lineno":593}
{"timestamp":"2025-10-29T20:00:19.391931Z","level":"info","event":"Filling up the DagBag from /opt/airflow/dags/example.py","logger":"airflow.models.dagbag.DagBag","filename":"dagbag.py","lineno":593}
{"timestamp":"2025-10-29T20:00:49.882359Z","level":"info","event":"Filling up the DagBag from /opt/airflow/dags/example.py","logger":"airflow.models.dagbag.DagBag","filename":"dagbag.py","lineno":593}
{"timestamp":"2025-10-29T20:01:20.381447Z","level":"info","event":"Filling up the DagBag from /opt/airflow/dags/example.py","logger":"airflow.models.dagbag.DagBag","filename":"dagbag.py","lineno":593}
{"timestamp":"2025-10-29T20:01:50.862735Z","level":"info","event":"Filling up the DagBag from /opt/airflow/dags/example.py","logger":"airflow.models.dagbag.DagBag","filename":"dagbag.py","lineno":593}
{"timestamp":"2025-10-29T20:02:21.337985Z","level":"info","event":"Filling up the DagBag from /opt/airflow/dags/example.py","logger":"airflow.models.dagbag.DagBag","filename":"dagbag.py","lineno":593}
{"timestamp":"2025-10-29T20:02:51.819130Z","level":"info","event":"Filling up the DagBag from /opt/airflow/dags/example.py","logger":"airflow.models.dagbag.DagBag","filename":"dagbag.py","lineno":593}
{"timestamp":"2025-10-29T20:03:22.304600Z","level":"info","event":"Filling up the DagBag from /opt/airflow/dags/example.py","logger":"airflow.models.dagbag.DagBag","filename":"dagbag.py","lineno":593}
{"timestamp":"2025-10-29T20:03:52.789123Z","level":"info","event":"Filling up the DagBag from /opt/airflow/dags/example.py","logger":"airflow.models.dagbag.DagBag","filename":"dagbag.py","lineno":593}
{"timestamp":"2025-10-29T20:04:23.303409Z","level":"info","event":"Filling up the DagBag from /opt/airflow/dags/example.py","logger":"airflow.models.dagbag.DagBag","filename":"dagbag.py","lineno":593}
{"timestamp":"2025-10-29T20:04:53.991298Z","level":"info","event":"Filling up the DagBag from /opt/airflow/dags/example.py","logger":"airflow.models.dagbag.DagBag","filename":"dagbag.py","lineno":593}
{"timestamp":"2025-10-29T20:05:24.766304Z","level":"info","event":"Filling up the DagBag from /opt/airflow/dags/example.py","logger":"airflow.models.dagbag.DagBag","filename":"dagbag.py","lineno":593}
{"timestamp":"2025-10-29T20:05:55.263605Z","level":"info","event":"Filling up the DagBag from /opt/airflow/dags/example.py","logger":"airflow.models.dagbag.DagBag","filename":"dagbag.py","lineno":593}
{"timestamp":"2025-10-29T20:06:25.750918Z","level":"info","event":"Filling up the DagBag from /opt/airflow/dags/example.py","logger":"airflow.models.dagbag.DagBag","filename":"dagbag.py","lineno":593}
{"timestamp":"2025-10-29T20:06:56.230705Z","level":"info","event":"Filling up the DagBag from /opt/airflow/dags/example.py","logger":"airflow.models.dagbag.DagBag","filename":"dagbag.py","lineno":593}
{"timestamp":"2025-10-29T20:07:26.771200Z","level":"info","event":"Filling up the DagBag from /opt/airflow/dags/example.py","logger":"airflow.models.dagbag.DagBag","filename":"dagbag.py","lineno":593}
{"timestamp":"2025-10-29T20:07:57.262209Z","level":"info","event":"Filling up the DagBag from /opt/airflow/dags/example.py","logger":"airflow.models.dagbag.DagBag","filename":"dagbag.py","lineno":593}
{"timestamp":"2025-10-29T20:08:27.792136Z","level":"info","event":"Filling up the DagBag from /opt/airflow/dags/example.py","logger":"airflow.models.dagbag.DagBag","filename":"dagbag.py","lineno":593}
{"timestamp":"2025-10-29T20:08:32.058100Z","level":"info","event":"Filling up the DagBag from /opt/airflow/dags/example.py","logger":"airflow.models.dagbag.DagBag","filename":"dagbag.py","lineno":593}
{"timestamp":"2025-10-29T20:08:39.578859Z","level":"info","event":"Filling up the DagBag from /opt/airflow/dags/example.py","logger":"airflow.models.dagbag.DagBag","filename":"dagbag.py","lineno":593}
{"timestamp":"2025-10-29T20:08:41.804941Z","level":"info","event":"Filling up the DagBag from /opt/airflow/dags/example.py","logger":"airflow.models.dagbag.DagBag","filename":"dagbag.py","lineno":593}
{"timestamp":"2025-10-29T20:09:12.333325Z","level":"info","event":"Filling up the DagBag from /opt/airflow/dags/example.py","logger":"airflow.models.dagbag.DagBag","filename":"dagbag.py","lineno":593}
{"timestamp":"2025-10-29T20:09:42.815297Z","level":"info","event":"Filling up the DagBag from /opt/airflow/dags/example.py","logger":"airflow.models.dagbag.DagBag","filename":"dagbag.py","lineno":593}
{"timestamp":"2025-10-29T20:10:13.318247Z","level":"info","event":"Filling up the DagBag from /opt/airflow/dags/example.py","logger":"airflow.models.dagbag.DagBag","filename":"dagbag.py","lineno":593}
{"timestamp":"2025-10-29T20:10:43.797692Z","level":"info","event":"Filling up the DagBag from /opt/airflow/dags/example.py","logger":"airflow.models.dagbag.DagBag","filename":"dagbag.py","lineno":593}
{"timestamp":"2025-10-29T20:11:14.308694Z","level":"info","event":"Filling up the DagBag from /opt/airflow/dags/example.py","logger":"airflow.models.dagbag.DagBag","filename":"dagbag.py","lineno":593}
{"timestamp":"2025-10-29T20:11:44.793933Z","level":"info","event":"Filling up the DagBag from /opt/airflow/dags/example.py","logger":"airflow.models.dagbag.DagBag","filename":"dagbag.py","lineno":593}
{"timestamp":"2025-10-29T20:12:15.332743Z","level":"info","event":"Filling up the DagBag from /opt/airflow/dags/example.py","logger":"airflow.models.dagbag.DagBag","filename":"dagbag.py","lineno":593}
{"timestamp":"2025-10-29T20:12:45.901334Z","level":"info","event":"Filling up the DagBag from /opt/airflow/dags/example.py","logger":"airflow.models.dagbag.DagBag","filename":"dagbag.py","lineno":593}
{"timestamp":"2025-10-29T20:13:16.470456Z","level":"info","event":"Filling up the DagBag from /opt/airflow/dags/example.py","logger":"airflow.models.dagbag.DagBag","filename":"dagbag.py","lineno":593}
{"timestamp":"2025-10-29T20:13:46.933356Z","level":"info","event":"Filling up the DagBag from /opt/airflow/dags/example.py","logger":"airflow.models.dagbag.DagBag","filename":"dagbag.py","lineno":593}
{"timestamp":"2025-10-29T20:14:17.420485Z","level":"info","event":"Filling up the DagBag from /opt/airflow/dags/example.py","logger":"airflow.models.dagbag.DagBag","filename":"dagbag.py","lineno":593}
{"timestamp":"2025-10-29T20:14:47.932797Z","level":"info","event":"Filling up the DagBag from /opt/airflow/dags/example.py","logger":"airflow.models.dagbag.DagBag","filename":"dagbag.py","lineno":593}
{"timestamp":"2025-10-29T20:15:18.393476Z","level":"info","event":"Filling up the DagBag from /opt/airflow/dags/example.py","logger":"airflow.models.dagbag.DagBag","filename":"dagbag.py","lineno":593}
{"timestamp":"2025-10-29T20:15:48.860935Z","level":"info","event":"Filling up the DagBag from /opt/airflow/dags/example.py","logger":"airflow.models.dagbag.DagBag","filename":"dagbag.py","lineno":593}
{"timestamp":"2025-10-29T20:16:19.478113Z","level":"info","event":"Filling up the DagBag from /opt/airflow/dags/example.py","logger":"airflow.models.dagbag.DagBag","filename":"dagbag.py","lineno":593}
{"timestamp":"2025-10-29T20:16:49.958773Z","level":"info","event":"Filling up the DagBag from /opt/airflow/dags/example.py","logger":"airflow.models.dagbag.DagBag","filename":"dagbag.py","lineno":593}
{"timestamp":"2025-10-29T20:17:20.507926Z","level":"info","event":"Filling up the DagBag from /opt/airflow/dags/example.py","logger":"airflow.models.dagbag.DagBag","filename":"dagbag.py","lineno":593}
{"timestamp":"2025-10-29T20:17:51.023349Z","level":"info","event":"Filling up the DagBag from /opt/airflow/dags/example.py","logger":"airflow.models.dagbag.DagBag","filename":"dagbag.py","lineno":593}
{"timestamp":"2025-10-29T20:18:21.551553Z","level":"info","event":"Filling up the DagBag from /opt/airflow/dags/example.py","logger":"airflow.models.dagbag.DagBag","filename":"dagbag.py","lineno":593}
{"timestamp":"2025-10-29T20:18:52.059680Z","level":"info","event":"Filling up the DagBag from /opt/airflow/dags/example.py","logger":"airflow.models.dagbag.DagBag","filename":"dagbag.py","lineno":593}
{"timestamp":"2025-10-29T20:19:22.584312Z","level":"info","event":"Filling up the DagBag from /opt/airflow/dags/example.py","logger":"airflow.models.dagbag.DagBag","filename":"dagbag.py","lineno":593}
{"timestamp":"2025-10-29T20:19:53.265269Z","level":"info","event":"Filling up the DagBag from /opt/airflow/dags/example.py","logger":"airflow.models.dagbag.DagBag","filename":"dagbag.py","lineno":593}
